2024-05-26 12:27:39,384 INFO o.a.j.u.JMeterUtils: Setting Locale to en_EN
2024-05-26 12:27:39,472 INFO o.a.j.JMeter: Loading user properties from: user.properties
2024-05-26 12:27:39,473 INFO o.a.j.JMeter: Loading system properties from: system.properties
2024-05-26 12:27:39,479 INFO o.a.j.JMeter: Copyright (c) 1998-2024 The Apache Software Foundation
2024-05-26 12:27:39,479 INFO o.a.j.JMeter: Version 5.6.3
2024-05-26 12:27:39,479 INFO o.a.j.JMeter: java.version=17.0.7
2024-05-26 12:27:39,479 INFO o.a.j.JMeter: java.vm.name=Java HotSpot(TM) 64-Bit Server VM
2024-05-26 12:27:39,479 INFO o.a.j.JMeter: os.name=Windows 10
2024-05-26 12:27:39,479 INFO o.a.j.JMeter: os.arch=amd64
2024-05-26 12:27:39,479 INFO o.a.j.JMeter: os.version=10.0
2024-05-26 12:27:39,480 INFO o.a.j.JMeter: file.encoding=Cp1252
2024-05-26 12:27:39,480 INFO o.a.j.JMeter: java.awt.headless=null
2024-05-26 12:27:39,480 INFO o.a.j.JMeter: Max memory     =1073741824
2024-05-26 12:27:39,480 INFO o.a.j.JMeter: Available Processors =16
2024-05-26 12:27:39,487 INFO o.a.j.JMeter: Default Locale=English (EN)
2024-05-26 12:27:39,488 INFO o.a.j.JMeter: JMeter  Locale=English (EN)
2024-05-26 12:27:39,488 INFO o.a.j.JMeter: JMeterHome=C:\Users\pt721f\Desktop\Learnings\Microservices\apache-jmeter-5.6.3\apache-jmeter-5.6.3
2024-05-26 12:27:39,488 INFO o.a.j.JMeter: user.dir  =C:\Users\pt721f\Desktop\Learnings\Microservices\apache-jmeter-5.6.3\apache-jmeter-5.6.3\bin
2024-05-26 12:27:39,489 INFO o.a.j.JMeter: PWD       =C:\Users\pt721f\Desktop\Learnings\Microservices\apache-jmeter-5.6.3\apache-jmeter-5.6.3\bin
2024-05-26 12:27:39,490 INFO o.a.j.JMeter: IP: 192.168.1.2 Name: A6336054 FullName: A6336054.nos.boeing.com
2024-05-26 12:27:39,502 INFO o.a.j.JMeter: Loaded icon properties from org/apache/jmeter/images/icon.properties
2024-05-26 12:27:39,748 INFO o.a.j.JMeterGuiLauncher: Setting LAF to: com.github.weisj.darklaf.DarkLaf:com.github.weisj.darklaf.theme.DarculaTheme
2024-05-26 12:29:09,601 INFO o.a.j.p.h.s.HTTPSamplerBase: Parser for text/html is org.apache.jmeter.protocol.http.parser.LagartoBasedHtmlParser
2024-05-26 12:29:09,602 INFO o.a.j.p.h.s.HTTPSamplerBase: Parser for application/xhtml+xml is org.apache.jmeter.protocol.http.parser.LagartoBasedHtmlParser
2024-05-26 12:29:09,602 INFO o.a.j.p.h.s.HTTPSamplerBase: Parser for application/xml is org.apache.jmeter.protocol.http.parser.LagartoBasedHtmlParser
2024-05-26 12:29:09,602 INFO o.a.j.p.h.s.HTTPSamplerBase: Parser for text/xml is org.apache.jmeter.protocol.http.parser.LagartoBasedHtmlParser
2024-05-26 12:29:09,602 INFO o.a.j.p.h.s.HTTPSamplerBase: Parser for text/vnd.wap.wml is org.apache.jmeter.protocol.http.parser.RegexpHTMLParser
2024-05-26 12:29:09,602 INFO o.a.j.p.h.s.HTTPSamplerBase: Parser for text/css is org.apache.jmeter.protocol.http.parser.CssParser
2024-05-26 12:30:10,735 INFO o.a.j.s.SampleResult: Note: Sample TimeStamps are START times
2024-05-26 12:30:10,735 INFO o.a.j.s.SampleResult: sampleresult.default.encoding is set to UTF-8
2024-05-26 12:30:10,735 INFO o.a.j.s.SampleResult: sampleresult.useNanoTime=true
2024-05-26 12:30:10,735 INFO o.a.j.s.SampleResult: sampleresult.nanoThreadSleep=5000
2024-05-26 12:30:54,949 INFO o.a.j.s.FileServer: Default base='C:\Users\pt721f\Desktop\Learnings\Microservices\apache-jmeter-5.6.3\apache-jmeter-5.6.3\bin'
2024-05-26 12:30:54,950 INFO o.a.j.s.FileServer: Set new base='C:\Users\pt721f\Desktop\Learnings\Microservices\apache-jmeter-5.6.3\apache-jmeter-5.6.3\bin'
2024-05-26 12:30:55,053 INFO o.a.j.s.SaveService: Testplan (JMX) version: 2.2. Testlog (JTL) version: 2.2
2024-05-26 12:30:55,069 INFO o.a.j.s.SaveService: Using SaveService properties version 5.0
2024-05-26 12:30:55,070 INFO o.a.j.s.SaveService: Using SaveService properties file encoding UTF-8
2024-05-26 12:30:55,090 INFO o.a.j.e.StandardJMeterEngine: Running the test!
2024-05-26 12:30:55,090 INFO o.a.j.s.SampleEvent: List of sample_variables: []
2024-05-26 12:30:55,090 INFO o.a.j.s.SampleEvent: List of sample_variables: []
2024-05-26 12:30:55,090 INFO o.a.j.e.u.CompoundVariable: Note: Function class names must contain the string: '.functions.'
2024-05-26 12:30:55,091 INFO o.a.j.e.u.CompoundVariable: Note: Function class names must not contain the string: '.gui.'
2024-05-26 12:30:55,128 INFO o.a.j.g.u.JMeterMenuBar: setRunning(true, *local*)
2024-05-26 12:30:55,149 INFO o.a.j.e.StandardJMeterEngine: Starting ThreadGroup: 1 : Thread Group
2024-05-26 12:30:55,150 INFO o.a.j.e.StandardJMeterEngine: Starting 15 threads for group Thread Group.
2024-05-26 12:30:55,150 INFO o.a.j.e.StandardJMeterEngine: Thread will continue on error
2024-05-26 12:30:55,150 INFO o.a.j.t.ThreadGroup: Starting thread group... number=1 threads=15 ramp-up=1 delayedStart=false
2024-05-26 12:30:55,152 INFO o.a.j.t.JMeterThread: Thread started: Thread Group 1-1
2024-05-26 12:30:55,155 INFO o.a.j.t.ThreadGroup: Started thread group number 1
2024-05-26 12:30:55,155 INFO o.a.j.e.StandardJMeterEngine: All thread groups have been started
2024-05-26 12:30:55,162 INFO o.a.j.p.h.s.HTTPHCAbstractImpl: Local host = A6336054
2024-05-26 12:30:55,167 INFO o.a.j.p.h.s.HTTPHC4Impl: HTTP request retry count = 0
2024-05-26 12:30:55,220 INFO o.a.j.t.JMeterThread: Thread started: Thread Group 1-2
2024-05-26 12:30:55,285 INFO o.a.j.t.JMeterThread: Thread started: Thread Group 1-3
2024-05-26 12:30:55,352 INFO o.a.j.t.JMeterThread: Thread started: Thread Group 1-4
2024-05-26 12:30:55,418 INFO o.a.j.t.JMeterThread: Thread started: Thread Group 1-5
2024-05-26 12:30:55,486 INFO o.a.j.t.JMeterThread: Thread started: Thread Group 1-6
2024-05-26 12:30:55,553 INFO o.a.j.t.JMeterThread: Thread started: Thread Group 1-7
2024-05-26 12:30:55,620 INFO o.a.j.t.JMeterThread: Thread started: Thread Group 1-8
2024-05-26 12:30:55,688 INFO o.a.j.t.JMeterThread: Thread started: Thread Group 1-9
2024-05-26 12:30:55,755 INFO o.a.j.t.JMeterThread: Thread started: Thread Group 1-10
2024-05-26 12:30:55,821 INFO o.a.j.t.JMeterThread: Thread started: Thread Group 1-11
2024-05-26 12:30:55,889 INFO o.a.j.t.JMeterThread: Thread started: Thread Group 1-12
2024-05-26 12:30:55,956 INFO o.a.j.t.JMeterThread: Thread started: Thread Group 1-13
2024-05-26 12:30:56,023 INFO o.a.j.t.JMeterThread: Thread started: Thread Group 1-14
2024-05-26 12:30:56,054 INFO o.a.j.t.JMeterThread: Thread is done: Thread Group 1-6
2024-05-26 12:30:56,054 INFO o.a.j.t.JMeterThread: Thread is done: Thread Group 1-4
2024-05-26 12:30:56,054 INFO o.a.j.t.JMeterThread: Thread is done: Thread Group 1-2
2024-05-26 12:30:56,055 INFO o.a.j.t.JMeterThread: Thread finished: Thread Group 1-4
2024-05-26 12:30:56,055 INFO o.a.j.t.JMeterThread: Thread finished: Thread Group 1-2
2024-05-26 12:30:56,054 INFO o.a.j.t.JMeterThread: Thread is done: Thread Group 1-12
2024-05-26 12:30:56,054 INFO o.a.j.t.JMeterThread: Thread is done: Thread Group 1-9
2024-05-26 12:30:56,054 INFO o.a.j.t.JMeterThread: Thread is done: Thread Group 1-11
2024-05-26 12:30:56,055 INFO o.a.j.t.JMeterThread: Thread finished: Thread Group 1-12
2024-05-26 12:30:56,055 INFO o.a.j.t.JMeterThread: Thread finished: Thread Group 1-9
2024-05-26 12:30:56,054 INFO o.a.j.t.JMeterThread: Thread is done: Thread Group 1-10
2024-05-26 12:30:56,054 INFO o.a.j.t.JMeterThread: Thread is done: Thread Group 1-8
2024-05-26 12:30:56,055 INFO o.a.j.t.JMeterThread: Thread finished: Thread Group 1-11
2024-05-26 12:30:56,054 INFO o.a.j.t.JMeterThread: Thread is done: Thread Group 1-3
2024-05-26 12:30:56,054 INFO o.a.j.t.JMeterThread: Thread is done: Thread Group 1-7
2024-05-26 12:30:56,055 INFO o.a.j.t.JMeterThread: Thread finished: Thread Group 1-7
2024-05-26 12:30:56,056 INFO o.a.j.t.JMeterThread: Thread finished: Thread Group 1-8
2024-05-26 12:30:56,055 INFO o.a.j.t.JMeterThread: Thread finished: Thread Group 1-6
2024-05-26 12:30:56,055 INFO o.a.j.t.JMeterThread: Thread is done: Thread Group 1-13
2024-05-26 12:30:56,055 INFO o.a.j.t.JMeterThread: Thread is done: Thread Group 1-1
2024-05-26 12:30:56,055 INFO o.a.j.t.JMeterThread: Thread is done: Thread Group 1-5
2024-05-26 12:30:56,056 INFO o.a.j.t.JMeterThread: Thread finished: Thread Group 1-13
2024-05-26 12:30:56,055 INFO o.a.j.t.JMeterThread: Thread finished: Thread Group 1-3
2024-05-26 12:30:56,055 INFO o.a.j.t.JMeterThread: Thread finished: Thread Group 1-10
2024-05-26 12:30:56,056 INFO o.a.j.t.JMeterThread: Thread finished: Thread Group 1-5
2024-05-26 12:30:56,056 INFO o.a.j.t.JMeterThread: Thread finished: Thread Group 1-1
2024-05-26 12:30:56,069 INFO o.a.j.t.JMeterThread: Thread is done: Thread Group 1-14
2024-05-26 12:30:56,070 INFO o.a.j.t.JMeterThread: Thread finished: Thread Group 1-14
2024-05-26 12:30:56,089 INFO o.a.j.t.JMeterThread: Thread started: Thread Group 1-15
2024-05-26 12:30:56,108 INFO o.a.j.t.JMeterThread: Thread is done: Thread Group 1-15
2024-05-26 12:30:56,109 INFO o.a.j.t.JMeterThread: Thread finished: Thread Group 1-15
2024-05-26 12:30:56,109 INFO o.a.j.e.StandardJMeterEngine: Notifying test listeners of end of test
2024-05-26 12:30:56,109 INFO o.a.j.g.u.JMeterMenuBar: setRunning(false, *local*)
2024-05-26 13:27:25,685 INFO o.a.j.e.StandardJMeterEngine: Running the test!
2024-05-26 13:27:25,688 INFO o.a.j.s.SampleEvent: List of sample_variables: []
2024-05-26 13:27:25,689 INFO o.a.j.g.u.JMeterMenuBar: setRunning(true, *local*)
2024-05-26 13:27:25,720 INFO o.a.j.e.StandardJMeterEngine: Starting ThreadGroup: 1 : Thread Group
2024-05-26 13:27:25,721 INFO o.a.j.e.StandardJMeterEngine: Starting 15 threads for group Thread Group.
2024-05-26 13:27:25,721 INFO o.a.j.e.StandardJMeterEngine: Thread will continue on error
2024-05-26 13:27:25,721 INFO o.a.j.t.ThreadGroup: Starting thread group... number=1 threads=15 ramp-up=1 delayedStart=false
2024-05-26 13:27:25,722 INFO o.a.j.t.JMeterThread: Thread started: Thread Group 1-1
2024-05-26 13:27:25,724 INFO o.a.j.t.ThreadGroup: Started thread group number 1
2024-05-26 13:27:25,724 INFO o.a.j.e.StandardJMeterEngine: All thread groups have been started
2024-05-26 13:27:25,753 INFO o.a.j.t.JMeterThread: Thread is done: Thread Group 1-1
2024-05-26 13:27:25,753 INFO o.a.j.t.JMeterThread: Thread finished: Thread Group 1-1
2024-05-26 13:27:25,790 INFO o.a.j.t.JMeterThread: Thread started: Thread Group 1-2
2024-05-26 13:27:25,812 INFO o.a.j.t.JMeterThread: Thread is done: Thread Group 1-2
2024-05-26 13:27:25,812 INFO o.a.j.t.JMeterThread: Thread finished: Thread Group 1-2
2024-05-26 13:27:25,859 INFO o.a.j.t.JMeterThread: Thread started: Thread Group 1-3
2024-05-26 13:27:25,882 INFO o.a.j.t.JMeterThread: Thread is done: Thread Group 1-3
2024-05-26 13:27:25,882 INFO o.a.j.t.JMeterThread: Thread finished: Thread Group 1-3
2024-05-26 13:27:25,925 INFO o.a.j.t.JMeterThread: Thread started: Thread Group 1-4
2024-05-26 13:27:25,949 INFO o.a.j.t.JMeterThread: Thread is done: Thread Group 1-4
2024-05-26 13:27:25,949 INFO o.a.j.t.JMeterThread: Thread finished: Thread Group 1-4
2024-05-26 13:27:25,991 INFO o.a.j.t.JMeterThread: Thread started: Thread Group 1-5
2024-05-26 13:27:26,014 INFO o.a.j.t.JMeterThread: Thread is done: Thread Group 1-5
2024-05-26 13:27:26,014 INFO o.a.j.t.JMeterThread: Thread finished: Thread Group 1-5
2024-05-26 13:27:26,058 INFO o.a.j.t.JMeterThread: Thread started: Thread Group 1-6
2024-05-26 13:27:26,082 INFO o.a.j.t.JMeterThread: Thread is done: Thread Group 1-6
2024-05-26 13:27:26,082 INFO o.a.j.t.JMeterThread: Thread finished: Thread Group 1-6
2024-05-26 13:27:26,128 INFO o.a.j.t.JMeterThread: Thread started: Thread Group 1-7
2024-05-26 13:27:26,155 INFO o.a.j.t.JMeterThread: Thread is done: Thread Group 1-7
2024-05-26 13:27:26,155 INFO o.a.j.t.JMeterThread: Thread finished: Thread Group 1-7
2024-05-26 13:27:26,192 INFO o.a.j.t.JMeterThread: Thread started: Thread Group 1-8
2024-05-26 13:27:26,216 INFO o.a.j.t.JMeterThread: Thread is done: Thread Group 1-8
2024-05-26 13:27:26,216 INFO o.a.j.t.JMeterThread: Thread finished: Thread Group 1-8
2024-05-26 13:27:26,259 INFO o.a.j.t.JMeterThread: Thread started: Thread Group 1-9
2024-05-26 13:27:26,282 INFO o.a.j.t.JMeterThread: Thread is done: Thread Group 1-9
2024-05-26 13:27:26,282 INFO o.a.j.t.JMeterThread: Thread finished: Thread Group 1-9
2024-05-26 13:27:26,326 INFO o.a.j.t.JMeterThread: Thread started: Thread Group 1-10
2024-05-26 13:27:26,344 INFO o.a.j.t.JMeterThread: Thread is done: Thread Group 1-10
2024-05-26 13:27:26,345 INFO o.a.j.t.JMeterThread: Thread finished: Thread Group 1-10
2024-05-26 13:27:26,393 INFO o.a.j.t.JMeterThread: Thread started: Thread Group 1-11
2024-05-26 13:27:26,413 INFO o.a.j.t.JMeterThread: Thread is done: Thread Group 1-11
2024-05-26 13:27:26,413 INFO o.a.j.t.JMeterThread: Thread finished: Thread Group 1-11
2024-05-26 13:27:26,460 INFO o.a.j.t.JMeterThread: Thread started: Thread Group 1-12
2024-05-26 13:27:26,485 INFO o.a.j.t.JMeterThread: Thread is done: Thread Group 1-12
2024-05-26 13:27:26,485 INFO o.a.j.t.JMeterThread: Thread finished: Thread Group 1-12
2024-05-26 13:27:26,529 INFO o.a.j.t.JMeterThread: Thread started: Thread Group 1-13
2024-05-26 13:27:26,552 INFO o.a.j.t.JMeterThread: Thread is done: Thread Group 1-13
2024-05-26 13:27:26,552 INFO o.a.j.t.JMeterThread: Thread finished: Thread Group 1-13
2024-05-26 13:27:26,594 INFO o.a.j.t.JMeterThread: Thread started: Thread Group 1-14
2024-05-26 13:27:26,619 INFO o.a.j.t.JMeterThread: Thread is done: Thread Group 1-14
2024-05-26 13:27:26,619 INFO o.a.j.t.JMeterThread: Thread finished: Thread Group 1-14
2024-05-26 13:27:26,660 INFO o.a.j.t.JMeterThread: Thread started: Thread Group 1-15
2024-05-26 13:27:26,682 INFO o.a.j.t.JMeterThread: Thread is done: Thread Group 1-15
2024-05-26 13:27:26,683 INFO o.a.j.t.JMeterThread: Thread finished: Thread Group 1-15
2024-05-26 13:27:26,683 INFO o.a.j.e.StandardJMeterEngine: Notifying test listeners of end of test
2024-05-26 13:27:26,683 INFO o.a.j.g.u.JMeterMenuBar: setRunning(false, *local*)
2024-05-26 13:27:41,363 INFO o.a.j.e.StandardJMeterEngine: Running the test!
2024-05-26 13:27:41,363 INFO o.a.j.s.SampleEvent: List of sample_variables: []
2024-05-26 13:27:41,363 INFO o.a.j.g.u.JMeterMenuBar: setRunning(true, *local*)
2024-05-26 13:27:41,405 INFO o.a.j.e.StandardJMeterEngine: Starting ThreadGroup: 1 : Thread Group
2024-05-26 13:27:41,405 INFO o.a.j.e.StandardJMeterEngine: Starting 15 threads for group Thread Group.
2024-05-26 13:27:41,405 INFO o.a.j.e.StandardJMeterEngine: Thread will continue on error
2024-05-26 13:27:41,405 INFO o.a.j.t.ThreadGroup: Starting thread group... number=1 threads=15 ramp-up=1 delayedStart=false
2024-05-26 13:27:41,406 INFO o.a.j.t.JMeterThread: Thread started: Thread Group 1-1
2024-05-26 13:27:41,408 INFO o.a.j.t.ThreadGroup: Started thread group number 1
2024-05-26 13:27:41,408 INFO o.a.j.e.StandardJMeterEngine: All thread groups have been started
2024-05-26 13:27:41,428 INFO o.a.j.t.JMeterThread: Thread is done: Thread Group 1-1
2024-05-26 13:27:41,428 INFO o.a.j.t.JMeterThread: Thread finished: Thread Group 1-1
2024-05-26 13:27:41,474 INFO o.a.j.t.JMeterThread: Thread started: Thread Group 1-2
2024-05-26 13:27:41,496 INFO o.a.j.t.JMeterThread: Thread is done: Thread Group 1-2
2024-05-26 13:27:41,496 INFO o.a.j.t.JMeterThread: Thread finished: Thread Group 1-2
2024-05-26 13:27:41,543 INFO o.a.j.t.JMeterThread: Thread started: Thread Group 1-3
2024-05-26 13:27:41,562 INFO o.a.j.t.JMeterThread: Thread is done: Thread Group 1-3
2024-05-26 13:27:41,562 INFO o.a.j.t.JMeterThread: Thread finished: Thread Group 1-3
2024-05-26 13:27:41,608 INFO o.a.j.t.JMeterThread: Thread started: Thread Group 1-4
2024-05-26 13:27:41,630 INFO o.a.j.t.JMeterThread: Thread is done: Thread Group 1-4
2024-05-26 13:27:41,630 INFO o.a.j.t.JMeterThread: Thread finished: Thread Group 1-4
2024-05-26 13:27:41,676 INFO o.a.j.t.JMeterThread: Thread started: Thread Group 1-5
2024-05-26 13:27:41,698 INFO o.a.j.t.JMeterThread: Thread is done: Thread Group 1-5
2024-05-26 13:27:41,698 INFO o.a.j.t.JMeterThread: Thread finished: Thread Group 1-5
2024-05-26 13:27:41,743 INFO o.a.j.t.JMeterThread: Thread started: Thread Group 1-6
2024-05-26 13:27:41,765 INFO o.a.j.t.JMeterThread: Thread is done: Thread Group 1-6
2024-05-26 13:27:41,766 INFO o.a.j.t.JMeterThread: Thread finished: Thread Group 1-6
2024-05-26 13:27:41,809 INFO o.a.j.t.JMeterThread: Thread started: Thread Group 1-7
2024-05-26 13:27:41,829 INFO o.a.j.t.JMeterThread: Thread is done: Thread Group 1-7
2024-05-26 13:27:41,829 INFO o.a.j.t.JMeterThread: Thread finished: Thread Group 1-7
2024-05-26 13:27:41,878 INFO o.a.j.t.JMeterThread: Thread started: Thread Group 1-8
2024-05-26 13:27:41,901 INFO o.a.j.t.JMeterThread: Thread is done: Thread Group 1-8
2024-05-26 13:27:41,901 INFO o.a.j.t.JMeterThread: Thread finished: Thread Group 1-8
2024-05-26 13:27:41,943 INFO o.a.j.t.JMeterThread: Thread started: Thread Group 1-9
2024-05-26 13:27:41,965 INFO o.a.j.t.JMeterThread: Thread is done: Thread Group 1-9
2024-05-26 13:27:41,965 INFO o.a.j.t.JMeterThread: Thread finished: Thread Group 1-9
2024-05-26 13:27:42,011 INFO o.a.j.t.JMeterThread: Thread started: Thread Group 1-10
2024-05-26 13:27:42,033 INFO o.a.j.t.JMeterThread: Thread is done: Thread Group 1-10
2024-05-26 13:27:42,033 INFO o.a.j.t.JMeterThread: Thread finished: Thread Group 1-10
2024-05-26 13:27:42,079 INFO o.a.j.t.JMeterThread: Thread started: Thread Group 1-11
2024-05-26 13:27:42,100 INFO o.a.j.t.JMeterThread: Thread is done: Thread Group 1-11
2024-05-26 13:27:42,100 INFO o.a.j.t.JMeterThread: Thread finished: Thread Group 1-11
2024-05-26 13:27:42,145 INFO o.a.j.t.JMeterThread: Thread started: Thread Group 1-12
2024-05-26 13:27:42,164 INFO o.a.j.t.JMeterThread: Thread is done: Thread Group 1-12
2024-05-26 13:27:42,164 INFO o.a.j.t.JMeterThread: Thread finished: Thread Group 1-12
2024-05-26 13:27:42,212 INFO o.a.j.t.JMeterThread: Thread started: Thread Group 1-13
2024-05-26 13:27:42,231 INFO o.a.j.t.JMeterThread: Thread is done: Thread Group 1-13
2024-05-26 13:27:42,231 INFO o.a.j.t.JMeterThread: Thread finished: Thread Group 1-13
2024-05-26 13:27:42,280 INFO o.a.j.t.JMeterThread: Thread started: Thread Group 1-14
2024-05-26 13:27:42,300 INFO o.a.j.t.JMeterThread: Thread is done: Thread Group 1-14
2024-05-26 13:27:42,300 INFO o.a.j.t.JMeterThread: Thread finished: Thread Group 1-14
2024-05-26 13:27:42,345 INFO o.a.j.t.JMeterThread: Thread started: Thread Group 1-15
2024-05-26 13:27:42,365 INFO o.a.j.t.JMeterThread: Thread is done: Thread Group 1-15
2024-05-26 13:27:42,365 INFO o.a.j.t.JMeterThread: Thread finished: Thread Group 1-15
2024-05-26 13:27:42,366 INFO o.a.j.e.StandardJMeterEngine: Notifying test listeners of end of test
2024-05-26 13:27:42,366 INFO o.a.j.g.u.JMeterMenuBar: setRunning(false, *local*)
2024-05-26 13:28:30,453 INFO o.a.j.e.StandardJMeterEngine: Running the test!
2024-05-26 13:28:30,453 INFO o.a.j.s.SampleEvent: List of sample_variables: []
2024-05-26 13:28:30,455 INFO o.a.j.g.u.JMeterMenuBar: setRunning(true, *local*)
2024-05-26 13:28:30,458 INFO o.a.j.e.StandardJMeterEngine: Starting ThreadGroup: 1 : Thread Group
2024-05-26 13:28:30,458 INFO o.a.j.e.StandardJMeterEngine: Starting 15 threads for group Thread Group.
2024-05-26 13:28:30,458 INFO o.a.j.e.StandardJMeterEngine: Thread will continue on error
2024-05-26 13:28:30,458 INFO o.a.j.t.ThreadGroup: Starting thread group... number=1 threads=15 ramp-up=0 delayedStart=false
2024-05-26 13:28:30,459 INFO o.a.j.t.JMeterThread: Thread started: Thread Group 1-2
2024-05-26 13:28:30,459 INFO o.a.j.t.JMeterThread: Thread started: Thread Group 1-3
2024-05-26 13:28:30,459 INFO o.a.j.t.JMeterThread: Thread started: Thread Group 1-5
2024-05-26 13:28:30,459 INFO o.a.j.t.JMeterThread: Thread started: Thread Group 1-4
2024-05-26 13:28:30,459 INFO o.a.j.t.JMeterThread: Thread started: Thread Group 1-6
2024-05-26 13:28:30,459 INFO o.a.j.t.JMeterThread: Thread started: Thread Group 1-8
2024-05-26 13:28:30,459 INFO o.a.j.t.JMeterThread: Thread started: Thread Group 1-1
2024-05-26 13:28:30,459 INFO o.a.j.t.JMeterThread: Thread started: Thread Group 1-7
2024-05-26 13:28:30,460 INFO o.a.j.t.JMeterThread: Thread started: Thread Group 1-10
2024-05-26 13:28:30,460 INFO o.a.j.t.JMeterThread: Thread started: Thread Group 1-11
2024-05-26 13:28:30,461 INFO o.a.j.t.ThreadGroup: Started thread group number 1
2024-05-26 13:28:30,460 INFO o.a.j.t.JMeterThread: Thread started: Thread Group 1-12
2024-05-26 13:28:30,461 INFO o.a.j.t.JMeterThread: Thread started: Thread Group 1-14
2024-05-26 13:28:30,461 INFO o.a.j.e.StandardJMeterEngine: All thread groups have been started
2024-05-26 13:28:30,461 INFO o.a.j.t.JMeterThread: Thread started: Thread Group 1-9
2024-05-26 13:28:30,461 INFO o.a.j.t.JMeterThread: Thread started: Thread Group 1-13
2024-05-26 13:28:30,461 INFO o.a.j.t.JMeterThread: Thread started: Thread Group 1-15
2024-05-26 13:29:09,175 INFO o.a.j.g.a.Start: Stopping test
2024-05-26 13:29:09,188 INFO o.a.j.t.JMeterThread: Stopping: Thread Group 1-6
2024-05-26 13:29:09,189 WARN o.a.j.t.JMeterThread: Interrupting: Thread Group 1-6 sampler: HTTP Request
2024-05-26 13:29:09,191 INFO o.a.j.t.JMeterThread: Stopping: Thread Group 1-3
2024-05-26 13:29:09,191 INFO o.a.j.t.JMeterThread: Thread finished: Thread Group 1-6
2024-05-26 13:29:09,191 WARN o.a.j.t.JMeterThread: Interrupting: Thread Group 1-3 sampler: HTTP Request
2024-05-26 13:29:09,193 INFO o.a.j.t.JMeterThread: Stopping: Thread Group 1-14
2024-05-26 13:29:09,193 INFO o.a.j.t.JMeterThread: Thread finished: Thread Group 1-3
2024-05-26 13:29:09,193 WARN o.a.j.t.JMeterThread: Interrupting: Thread Group 1-14 sampler: HTTP Request
2024-05-26 13:29:09,195 INFO o.a.j.t.JMeterThread: Stopping: Thread Group 1-8
2024-05-26 13:29:09,195 INFO o.a.j.t.JMeterThread: Thread finished: Thread Group 1-14
2024-05-26 13:29:09,195 WARN o.a.j.t.JMeterThread: Interrupting: Thread Group 1-8 sampler: HTTP Request
2024-05-26 13:29:09,195 INFO o.a.j.t.JMeterThread: Stopping: Thread Group 1-4
2024-05-26 13:29:09,196 WARN o.a.j.t.JMeterThread: Interrupting: Thread Group 1-4 sampler: HTTP Request
2024-05-26 13:29:09,196 INFO o.a.j.t.JMeterThread: Thread finished: Thread Group 1-8
2024-05-26 13:29:09,196 INFO o.a.j.t.JMeterThread: Stopping: Thread Group 1-15
2024-05-26 13:29:09,196 WARN o.a.j.t.JMeterThread: Interrupting: Thread Group 1-15 sampler: HTTP Request
2024-05-26 13:29:09,196 INFO o.a.j.t.JMeterThread: Thread finished: Thread Group 1-4
2024-05-26 13:29:09,196 INFO o.a.j.t.JMeterThread: Stopping: Thread Group 1-1
2024-05-26 13:29:09,196 INFO o.a.j.t.JMeterThread: Thread finished: Thread Group 1-15
2024-05-26 13:29:09,196 WARN o.a.j.t.JMeterThread: Interrupting: Thread Group 1-1 sampler: HTTP Request
2024-05-26 13:29:09,197 INFO o.a.j.t.JMeterThread: Stopping: Thread Group 1-7
2024-05-26 13:29:09,197 WARN o.a.j.t.JMeterThread: Interrupting: Thread Group 1-7 sampler: HTTP Request
2024-05-26 13:29:09,197 INFO o.a.j.t.JMeterThread: Thread finished: Thread Group 1-1
2024-05-26 13:29:09,198 INFO o.a.j.t.JMeterThread: Stopping: Thread Group 1-12
2024-05-26 13:29:09,198 INFO o.a.j.t.JMeterThread: Thread finished: Thread Group 1-7
2024-05-26 13:29:09,198 WARN o.a.j.t.JMeterThread: Interrupting: Thread Group 1-12 sampler: HTTP Request
2024-05-26 13:29:09,201 INFO o.a.j.t.JMeterThread: Stopping: Thread Group 1-2
2024-05-26 13:29:09,201 INFO o.a.j.t.JMeterThread: Thread finished: Thread Group 1-12
2024-05-26 13:29:09,202 WARN o.a.j.t.JMeterThread: Interrupting: Thread Group 1-2 sampler: HTTP Request
2024-05-26 13:29:09,202 INFO o.a.j.t.JMeterThread: Stopping: Thread Group 1-13
2024-05-26 13:29:09,202 WARN o.a.j.t.JMeterThread: Interrupting: Thread Group 1-13 sampler: HTTP Request
2024-05-26 13:29:09,202 INFO o.a.j.t.JMeterThread: Thread finished: Thread Group 1-2
2024-05-26 13:29:09,202 INFO o.a.j.t.JMeterThread: Stopping: Thread Group 1-11
2024-05-26 13:29:09,202 WARN o.a.j.t.JMeterThread: Interrupting: Thread Group 1-11 sampler: HTTP Request
2024-05-26 13:29:09,202 INFO o.a.j.t.JMeterThread: Thread finished: Thread Group 1-13
2024-05-26 13:29:09,203 INFO o.a.j.t.JMeterThread: Stopping: Thread Group 1-5
2024-05-26 13:29:09,203 WARN o.a.j.t.JMeterThread: Interrupting: Thread Group 1-5 sampler: HTTP Request
2024-05-26 13:29:09,203 INFO o.a.j.t.JMeterThread: Thread finished: Thread Group 1-11
2024-05-26 13:29:09,203 INFO o.a.j.t.JMeterThread: Stopping: Thread Group 1-9
2024-05-26 13:29:09,203 INFO o.a.j.t.JMeterThread: Thread finished: Thread Group 1-5
2024-05-26 13:29:09,203 WARN o.a.j.t.JMeterThread: Interrupting: Thread Group 1-9 sampler: HTTP Request
2024-05-26 13:29:09,204 INFO o.a.j.t.JMeterThread: Stopping: Thread Group 1-10
2024-05-26 13:29:09,204 INFO o.a.j.t.JMeterThread: Thread finished: Thread Group 1-9
2024-05-26 13:29:09,204 WARN o.a.j.t.JMeterThread: Interrupting: Thread Group 1-10 sampler: HTTP Request
2024-05-26 13:29:09,204 INFO o.a.j.t.JMeterThread: Thread finished: Thread Group 1-10
2024-05-26 13:29:09,204 INFO o.a.j.e.StandardJMeterEngine: Notifying test listeners of end of test
2024-05-26 13:29:09,205 INFO o.a.j.g.u.JMeterMenuBar: setRunning(false, *local*)
2024-05-26 13:29:13,423 INFO o.a.j.e.StandardJMeterEngine: Running the test!
2024-05-26 13:29:13,424 INFO o.a.j.s.SampleEvent: List of sample_variables: []
2024-05-26 13:29:13,424 INFO o.a.j.g.u.JMeterMenuBar: setRunning(true, *local*)
2024-05-26 13:29:13,449 INFO o.a.j.e.StandardJMeterEngine: Starting ThreadGroup: 1 : Thread Group
2024-05-26 13:29:13,450 INFO o.a.j.e.StandardJMeterEngine: Starting 15 threads for group Thread Group.
2024-05-26 13:29:13,450 INFO o.a.j.e.StandardJMeterEngine: Thread will continue on error
2024-05-26 13:29:13,450 INFO o.a.j.t.ThreadGroup: Starting thread group... number=1 threads=15 ramp-up=1 delayedStart=false
2024-05-26 13:29:13,451 INFO o.a.j.t.JMeterThread: Thread started: Thread Group 1-1
2024-05-26 13:29:13,453 INFO o.a.j.t.ThreadGroup: Started thread group number 1
2024-05-26 13:29:13,453 INFO o.a.j.e.StandardJMeterEngine: All thread groups have been started
2024-05-26 13:29:13,455 INFO o.a.j.t.JMeterThread: Thread is done: Thread Group 1-1
2024-05-26 13:29:13,455 INFO o.a.j.t.JMeterThread: Thread finished: Thread Group 1-1
2024-05-26 13:29:13,518 INFO o.a.j.t.JMeterThread: Thread started: Thread Group 1-2
2024-05-26 13:29:13,520 INFO o.a.j.t.JMeterThread: Thread is done: Thread Group 1-2
2024-05-26 13:29:13,520 INFO o.a.j.t.JMeterThread: Thread finished: Thread Group 1-2
2024-05-26 13:29:13,585 INFO o.a.j.t.JMeterThread: Thread started: Thread Group 1-3
2024-05-26 13:29:13,589 INFO o.a.j.t.JMeterThread: Thread is done: Thread Group 1-3
2024-05-26 13:29:13,590 INFO o.a.j.t.JMeterThread: Thread finished: Thread Group 1-3
2024-05-26 13:29:13,653 INFO o.a.j.t.JMeterThread: Thread started: Thread Group 1-4
2024-05-26 13:29:13,657 INFO o.a.j.t.JMeterThread: Thread is done: Thread Group 1-4
2024-05-26 13:29:13,657 INFO o.a.j.t.JMeterThread: Thread finished: Thread Group 1-4
2024-05-26 13:29:13,719 INFO o.a.j.t.JMeterThread: Thread started: Thread Group 1-5
2024-05-26 13:29:13,721 INFO o.a.j.t.JMeterThread: Thread is done: Thread Group 1-5
2024-05-26 13:29:13,721 INFO o.a.j.t.JMeterThread: Thread finished: Thread Group 1-5
2024-05-26 13:29:13,786 INFO o.a.j.t.JMeterThread: Thread started: Thread Group 1-6
2024-05-26 13:29:13,795 INFO o.a.j.t.JMeterThread: Thread is done: Thread Group 1-6
2024-05-26 13:29:13,795 INFO o.a.j.t.JMeterThread: Thread finished: Thread Group 1-6
2024-05-26 13:29:13,854 INFO o.a.j.t.JMeterThread: Thread started: Thread Group 1-7
2024-05-26 13:29:13,856 INFO o.a.j.t.JMeterThread: Thread is done: Thread Group 1-7
2024-05-26 13:29:13,856 INFO o.a.j.t.JMeterThread: Thread finished: Thread Group 1-7
2024-05-26 13:29:13,921 INFO o.a.j.t.JMeterThread: Thread started: Thread Group 1-8
2024-05-26 13:29:13,928 INFO o.a.j.t.JMeterThread: Thread is done: Thread Group 1-8
2024-05-26 13:29:13,928 INFO o.a.j.t.JMeterThread: Thread finished: Thread Group 1-8
2024-05-26 13:29:13,988 INFO o.a.j.t.JMeterThread: Thread started: Thread Group 1-9
2024-05-26 13:29:13,998 INFO o.a.j.t.JMeterThread: Thread is done: Thread Group 1-9
2024-05-26 13:29:13,998 INFO o.a.j.t.JMeterThread: Thread finished: Thread Group 1-9
2024-05-26 13:29:14,055 INFO o.a.j.t.JMeterThread: Thread started: Thread Group 1-10
2024-05-26 13:29:14,062 INFO o.a.j.t.JMeterThread: Thread is done: Thread Group 1-10
2024-05-26 13:29:14,062 INFO o.a.j.t.JMeterThread: Thread finished: Thread Group 1-10
2024-05-26 13:29:14,122 INFO o.a.j.t.JMeterThread: Thread started: Thread Group 1-11
2024-05-26 13:29:14,135 INFO o.a.j.t.JMeterThread: Thread is done: Thread Group 1-11
2024-05-26 13:29:14,135 INFO o.a.j.t.JMeterThread: Thread finished: Thread Group 1-11
2024-05-26 13:29:14,189 INFO o.a.j.t.JMeterThread: Thread started: Thread Group 1-12
2024-05-26 13:29:14,199 INFO o.a.j.t.JMeterThread: Thread is done: Thread Group 1-12
2024-05-26 13:29:14,199 INFO o.a.j.t.JMeterThread: Thread finished: Thread Group 1-12
2024-05-26 13:29:14,255 INFO o.a.j.t.JMeterThread: Thread started: Thread Group 1-13
2024-05-26 13:29:14,257 INFO o.a.j.t.JMeterThread: Thread is done: Thread Group 1-13
2024-05-26 13:29:14,257 INFO o.a.j.t.JMeterThread: Thread finished: Thread Group 1-13
2024-05-26 13:29:14,324 INFO o.a.j.t.JMeterThread: Thread started: Thread Group 1-14
2024-05-26 13:29:14,326 INFO o.a.j.t.JMeterThread: Thread is done: Thread Group 1-14
2024-05-26 13:29:14,326 INFO o.a.j.t.JMeterThread: Thread finished: Thread Group 1-14
2024-05-26 13:29:14,389 INFO o.a.j.t.JMeterThread: Thread started: Thread Group 1-15
2024-05-26 13:29:14,398 INFO o.a.j.t.JMeterThread: Thread is done: Thread Group 1-15
2024-05-26 13:29:14,398 INFO o.a.j.t.JMeterThread: Thread finished: Thread Group 1-15
2024-05-26 13:29:14,398 INFO o.a.j.e.StandardJMeterEngine: Notifying test listeners of end of test
2024-05-26 13:29:14,398 INFO o.a.j.g.u.JMeterMenuBar: setRunning(false, *local*)
2024-05-26 13:35:08,782 INFO o.a.j.e.StandardJMeterEngine: Running the test!
2024-05-26 13:35:08,782 INFO o.a.j.s.SampleEvent: List of sample_variables: []
2024-05-26 13:35:08,783 INFO o.a.j.g.u.JMeterMenuBar: setRunning(true, *local*)
2024-05-26 13:35:08,787 INFO o.a.j.e.StandardJMeterEngine: Starting ThreadGroup: 1 : Thread Group
2024-05-26 13:35:08,787 INFO o.a.j.e.StandardJMeterEngine: Starting 15 threads for group Thread Group.
2024-05-26 13:35:08,787 INFO o.a.j.e.StandardJMeterEngine: Thread will continue on error
2024-05-26 13:35:08,787 INFO o.a.j.t.ThreadGroup: Starting thread group... number=1 threads=15 ramp-up=1 delayedStart=false
2024-05-26 13:35:08,788 INFO o.a.j.t.JMeterThread: Thread started: Thread Group 1-1
2024-05-26 13:35:08,789 INFO o.a.j.t.ThreadGroup: Started thread group number 1
2024-05-26 13:35:08,789 INFO o.a.j.e.StandardJMeterEngine: All thread groups have been started
2024-05-26 13:35:08,798 INFO o.a.j.t.JMeterThread: Thread is done: Thread Group 1-1
2024-05-26 13:35:08,798 INFO o.a.j.t.JMeterThread: Thread finished: Thread Group 1-1
2024-05-26 13:35:08,856 INFO o.a.j.t.JMeterThread: Thread started: Thread Group 1-2
2024-05-26 13:35:08,865 INFO o.a.j.t.JMeterThread: Thread is done: Thread Group 1-2
2024-05-26 13:35:08,865 INFO o.a.j.t.JMeterThread: Thread finished: Thread Group 1-2
2024-05-26 13:35:08,922 INFO o.a.j.t.JMeterThread: Thread started: Thread Group 1-3
2024-05-26 13:35:08,931 INFO o.a.j.t.JMeterThread: Thread is done: Thread Group 1-3
2024-05-26 13:35:08,931 INFO o.a.j.t.JMeterThread: Thread finished: Thread Group 1-3
2024-05-26 13:35:08,990 INFO o.a.j.t.JMeterThread: Thread started: Thread Group 1-4
2024-05-26 13:35:08,999 INFO o.a.j.t.JMeterThread: Thread is done: Thread Group 1-4
2024-05-26 13:35:09,000 INFO o.a.j.t.JMeterThread: Thread finished: Thread Group 1-4
2024-05-26 13:35:09,056 INFO o.a.j.t.JMeterThread: Thread started: Thread Group 1-5
2024-05-26 13:35:09,065 INFO o.a.j.t.JMeterThread: Thread is done: Thread Group 1-5
2024-05-26 13:35:09,065 INFO o.a.j.t.JMeterThread: Thread finished: Thread Group 1-5
2024-05-26 13:35:09,123 INFO o.a.j.t.JMeterThread: Thread started: Thread Group 1-6
2024-05-26 13:35:09,130 INFO o.a.j.t.JMeterThread: Thread is done: Thread Group 1-6
2024-05-26 13:35:09,130 INFO o.a.j.t.JMeterThread: Thread finished: Thread Group 1-6
2024-05-26 13:35:09,192 INFO o.a.j.t.JMeterThread: Thread started: Thread Group 1-7
2024-05-26 13:35:09,201 INFO o.a.j.t.JMeterThread: Thread is done: Thread Group 1-7
2024-05-26 13:35:09,202 INFO o.a.j.t.JMeterThread: Thread finished: Thread Group 1-7
2024-05-26 13:35:09,257 INFO o.a.j.t.JMeterThread: Thread started: Thread Group 1-8
2024-05-26 13:35:09,265 INFO o.a.j.t.JMeterThread: Thread is done: Thread Group 1-8
2024-05-26 13:35:09,265 INFO o.a.j.t.JMeterThread: Thread finished: Thread Group 1-8
2024-05-26 13:35:09,325 INFO o.a.j.t.JMeterThread: Thread started: Thread Group 1-9
2024-05-26 13:35:09,332 INFO o.a.j.t.JMeterThread: Thread is done: Thread Group 1-9
2024-05-26 13:35:09,333 INFO o.a.j.t.JMeterThread: Thread finished: Thread Group 1-9
2024-05-26 13:35:09,392 INFO o.a.j.t.JMeterThread: Thread started: Thread Group 1-10
2024-05-26 13:35:09,399 INFO o.a.j.t.JMeterThread: Thread is done: Thread Group 1-10
2024-05-26 13:35:09,399 INFO o.a.j.t.JMeterThread: Thread finished: Thread Group 1-10
2024-05-26 13:35:09,459 INFO o.a.j.t.JMeterThread: Thread started: Thread Group 1-11
2024-05-26 13:35:09,466 INFO o.a.j.t.JMeterThread: Thread is done: Thread Group 1-11
2024-05-26 13:35:09,467 INFO o.a.j.t.JMeterThread: Thread finished: Thread Group 1-11
2024-05-26 13:35:09,525 INFO o.a.j.t.JMeterThread: Thread started: Thread Group 1-12
2024-05-26 13:35:09,534 INFO o.a.j.t.JMeterThread: Thread is done: Thread Group 1-12
2024-05-26 13:35:09,534 INFO o.a.j.t.JMeterThread: Thread finished: Thread Group 1-12
2024-05-26 13:35:09,592 INFO o.a.j.t.JMeterThread: Thread started: Thread Group 1-13
2024-05-26 13:35:09,599 INFO o.a.j.t.JMeterThread: Thread is done: Thread Group 1-13
2024-05-26 13:35:09,599 INFO o.a.j.t.JMeterThread: Thread finished: Thread Group 1-13
2024-05-26 13:35:09,659 INFO o.a.j.t.JMeterThread: Thread started: Thread Group 1-14
2024-05-26 13:35:09,668 INFO o.a.j.t.JMeterThread: Thread is done: Thread Group 1-14
2024-05-26 13:35:09,668 INFO o.a.j.t.JMeterThread: Thread finished: Thread Group 1-14
2024-05-26 13:35:09,726 INFO o.a.j.t.JMeterThread: Thread started: Thread Group 1-15
2024-05-26 13:35:09,734 INFO o.a.j.t.JMeterThread: Thread is done: Thread Group 1-15
2024-05-26 13:35:09,735 INFO o.a.j.t.JMeterThread: Thread finished: Thread Group 1-15
2024-05-26 13:35:09,736 INFO o.a.j.e.StandardJMeterEngine: Notifying test listeners of end of test
2024-05-26 13:35:09,736 INFO o.a.j.g.u.JMeterMenuBar: setRunning(false, *local*)
2024-05-26 13:35:39,397 INFO o.a.j.e.StandardJMeterEngine: Running the test!
2024-05-26 13:35:39,398 INFO o.a.j.s.SampleEvent: List of sample_variables: []
2024-05-26 13:35:39,398 INFO o.a.j.g.u.JMeterMenuBar: setRunning(true, *local*)
2024-05-26 13:35:39,425 INFO o.a.j.e.StandardJMeterEngine: Starting ThreadGroup: 1 : Thread Group
2024-05-26 13:35:39,425 INFO o.a.j.e.StandardJMeterEngine: Starting 15 threads for group Thread Group.
2024-05-26 13:35:39,426 INFO o.a.j.e.StandardJMeterEngine: Thread will continue on error
2024-05-26 13:35:39,426 INFO o.a.j.t.ThreadGroup: Starting thread group... number=1 threads=15 ramp-up=1 delayedStart=false
2024-05-26 13:35:39,426 INFO o.a.j.t.JMeterThread: Thread started: Thread Group 1-1
2024-05-26 13:35:39,427 INFO o.a.j.t.ThreadGroup: Started thread group number 1
2024-05-26 13:35:39,427 INFO o.a.j.e.StandardJMeterEngine: All thread groups have been started
2024-05-26 13:35:39,435 INFO o.a.j.t.JMeterThread: Thread is done: Thread Group 1-1
2024-05-26 13:35:39,436 INFO o.a.j.t.JMeterThread: Thread finished: Thread Group 1-1
2024-05-26 13:35:39,495 INFO o.a.j.t.JMeterThread: Thread started: Thread Group 1-2
2024-05-26 13:35:39,504 INFO o.a.j.t.JMeterThread: Thread is done: Thread Group 1-2
2024-05-26 13:35:39,504 INFO o.a.j.t.JMeterThread: Thread finished: Thread Group 1-2
2024-05-26 13:35:39,563 INFO o.a.j.t.JMeterThread: Thread started: Thread Group 1-3
2024-05-26 13:35:39,571 INFO o.a.j.t.JMeterThread: Thread is done: Thread Group 1-3
2024-05-26 13:35:39,571 INFO o.a.j.t.JMeterThread: Thread finished: Thread Group 1-3
2024-05-26 13:35:39,629 INFO o.a.j.t.JMeterThread: Thread started: Thread Group 1-4
2024-05-26 13:35:39,636 INFO o.a.j.t.JMeterThread: Thread is done: Thread Group 1-4
2024-05-26 13:35:39,637 INFO o.a.j.t.JMeterThread: Thread finished: Thread Group 1-4
2024-05-26 13:35:39,698 INFO o.a.j.t.JMeterThread: Thread started: Thread Group 1-5
2024-05-26 13:35:39,706 INFO o.a.j.t.JMeterThread: Thread is done: Thread Group 1-5
2024-05-26 13:35:39,706 INFO o.a.j.t.JMeterThread: Thread finished: Thread Group 1-5
2024-05-26 13:35:39,762 INFO o.a.j.t.JMeterThread: Thread started: Thread Group 1-6
2024-05-26 13:35:39,768 INFO o.a.j.t.JMeterThread: Thread is done: Thread Group 1-6
2024-05-26 13:35:39,768 INFO o.a.j.t.JMeterThread: Thread finished: Thread Group 1-6
2024-05-26 13:35:39,831 INFO o.a.j.t.JMeterThread: Thread started: Thread Group 1-7
2024-05-26 13:35:39,840 INFO o.a.j.t.JMeterThread: Thread is done: Thread Group 1-7
2024-05-26 13:35:39,840 INFO o.a.j.t.JMeterThread: Thread finished: Thread Group 1-7
2024-05-26 13:35:39,897 INFO o.a.j.t.JMeterThread: Thread started: Thread Group 1-8
2024-05-26 13:35:39,904 INFO o.a.j.t.JMeterThread: Thread is done: Thread Group 1-8
2024-05-26 13:35:39,904 INFO o.a.j.t.JMeterThread: Thread finished: Thread Group 1-8
2024-05-26 13:35:39,963 INFO o.a.j.t.JMeterThread: Thread started: Thread Group 1-9
2024-05-26 13:35:39,971 INFO o.a.j.t.JMeterThread: Thread is done: Thread Group 1-9
2024-05-26 13:35:39,971 INFO o.a.j.t.JMeterThread: Thread finished: Thread Group 1-9
2024-05-26 13:35:40,030 INFO o.a.j.t.JMeterThread: Thread started: Thread Group 1-10
2024-05-26 13:35:40,039 INFO o.a.j.t.JMeterThread: Thread is done: Thread Group 1-10
2024-05-26 13:35:40,039 INFO o.a.j.t.JMeterThread: Thread finished: Thread Group 1-10
2024-05-26 13:35:40,097 INFO o.a.j.t.JMeterThread: Thread started: Thread Group 1-11
2024-05-26 13:35:40,104 INFO o.a.j.t.JMeterThread: Thread is done: Thread Group 1-11
2024-05-26 13:35:40,104 INFO o.a.j.t.JMeterThread: Thread finished: Thread Group 1-11
2024-05-26 13:35:40,164 INFO o.a.j.t.JMeterThread: Thread started: Thread Group 1-12
2024-05-26 13:35:40,170 INFO o.a.j.t.JMeterThread: Thread is done: Thread Group 1-12
2024-05-26 13:35:40,170 INFO o.a.j.t.JMeterThread: Thread finished: Thread Group 1-12
2024-05-26 13:35:40,231 INFO o.a.j.t.JMeterThread: Thread started: Thread Group 1-13
2024-05-26 13:35:40,239 INFO o.a.j.t.JMeterThread: Thread is done: Thread Group 1-13
2024-05-26 13:35:40,239 INFO o.a.j.t.JMeterThread: Thread finished: Thread Group 1-13
2024-05-26 13:35:40,299 INFO o.a.j.t.JMeterThread: Thread started: Thread Group 1-14
2024-05-26 13:35:40,308 INFO o.a.j.t.JMeterThread: Thread is done: Thread Group 1-14
2024-05-26 13:35:40,309 INFO o.a.j.t.JMeterThread: Thread finished: Thread Group 1-14
2024-05-26 13:35:40,367 INFO o.a.j.t.JMeterThread: Thread started: Thread Group 1-15
2024-05-26 13:35:40,373 INFO o.a.j.t.JMeterThread: Thread is done: Thread Group 1-15
2024-05-26 13:35:40,373 INFO o.a.j.t.JMeterThread: Thread finished: Thread Group 1-15
2024-05-26 13:35:40,374 INFO o.a.j.e.StandardJMeterEngine: Notifying test listeners of end of test
2024-05-26 13:35:40,374 INFO o.a.j.g.u.JMeterMenuBar: setRunning(false, *local*)
2024-05-26 13:38:26,402 INFO o.a.j.e.StandardJMeterEngine: Running the test!
2024-05-26 13:38:26,402 INFO o.a.j.s.SampleEvent: List of sample_variables: []
2024-05-26 13:38:26,402 INFO o.a.j.g.u.JMeterMenuBar: setRunning(true, *local*)
2024-05-26 13:38:26,430 INFO o.a.j.e.StandardJMeterEngine: Starting ThreadGroup: 1 : Thread Group
2024-05-26 13:38:26,430 INFO o.a.j.e.StandardJMeterEngine: Starting 15 threads for group Thread Group.
2024-05-26 13:38:26,430 INFO o.a.j.e.StandardJMeterEngine: Thread will continue on error
2024-05-26 13:38:26,430 INFO o.a.j.t.ThreadGroup: Starting thread group... number=1 threads=15 ramp-up=1 delayedStart=false
2024-05-26 13:38:26,431 INFO o.a.j.t.JMeterThread: Thread started: Thread Group 1-1
2024-05-26 13:38:26,432 INFO o.a.j.t.ThreadGroup: Started thread group number 1
2024-05-26 13:38:26,432 INFO o.a.j.e.StandardJMeterEngine: All thread groups have been started
2024-05-26 13:38:26,443 INFO o.a.j.t.JMeterThread: Thread is done: Thread Group 1-1
2024-05-26 13:38:26,443 INFO o.a.j.t.JMeterThread: Thread finished: Thread Group 1-1
2024-05-26 13:38:26,499 INFO o.a.j.t.JMeterThread: Thread started: Thread Group 1-2
2024-05-26 13:38:26,505 INFO o.a.j.t.JMeterThread: Thread is done: Thread Group 1-2
2024-05-26 13:38:26,506 INFO o.a.j.t.JMeterThread: Thread finished: Thread Group 1-2
2024-05-26 13:38:26,568 INFO o.a.j.t.JMeterThread: Thread started: Thread Group 1-3
2024-05-26 13:38:26,575 INFO o.a.j.t.JMeterThread: Thread is done: Thread Group 1-3
2024-05-26 13:38:26,576 INFO o.a.j.t.JMeterThread: Thread finished: Thread Group 1-3
2024-05-26 13:38:26,632 INFO o.a.j.t.JMeterThread: Thread started: Thread Group 1-4
2024-05-26 13:38:26,641 INFO o.a.j.t.JMeterThread: Thread is done: Thread Group 1-4
2024-05-26 13:38:26,641 INFO o.a.j.t.JMeterThread: Thread finished: Thread Group 1-4
2024-05-26 13:38:26,699 INFO o.a.j.t.JMeterThread: Thread started: Thread Group 1-5
2024-05-26 13:38:26,706 INFO o.a.j.t.JMeterThread: Thread is done: Thread Group 1-5
2024-05-26 13:38:26,707 INFO o.a.j.t.JMeterThread: Thread finished: Thread Group 1-5
2024-05-26 13:38:26,767 INFO o.a.j.t.JMeterThread: Thread started: Thread Group 1-6
2024-05-26 13:38:26,774 INFO o.a.j.t.JMeterThread: Thread is done: Thread Group 1-6
2024-05-26 13:38:26,774 INFO o.a.j.t.JMeterThread: Thread finished: Thread Group 1-6
2024-05-26 13:38:26,836 INFO o.a.j.t.JMeterThread: Thread started: Thread Group 1-7
2024-05-26 13:38:26,843 INFO o.a.j.t.JMeterThread: Thread is done: Thread Group 1-7
2024-05-26 13:38:26,843 INFO o.a.j.t.JMeterThread: Thread finished: Thread Group 1-7
2024-05-26 13:38:26,901 INFO o.a.j.t.JMeterThread: Thread started: Thread Group 1-8
2024-05-26 13:38:26,909 INFO o.a.j.t.JMeterThread: Thread is done: Thread Group 1-8
2024-05-26 13:38:26,909 INFO o.a.j.t.JMeterThread: Thread finished: Thread Group 1-8
2024-05-26 13:38:26,968 INFO o.a.j.t.JMeterThread: Thread started: Thread Group 1-9
2024-05-26 13:38:26,974 INFO o.a.j.t.JMeterThread: Thread is done: Thread Group 1-9
2024-05-26 13:38:26,974 INFO o.a.j.t.JMeterThread: Thread finished: Thread Group 1-9
2024-05-26 13:38:27,035 INFO o.a.j.t.JMeterThread: Thread started: Thread Group 1-10
2024-05-26 13:38:27,041 INFO o.a.j.t.JMeterThread: Thread is done: Thread Group 1-10
2024-05-26 13:38:27,042 INFO o.a.j.t.JMeterThread: Thread finished: Thread Group 1-10
2024-05-26 13:38:27,103 INFO o.a.j.t.JMeterThread: Thread started: Thread Group 1-11
2024-05-26 13:38:27,109 INFO o.a.j.t.JMeterThread: Thread is done: Thread Group 1-11
2024-05-26 13:38:27,110 INFO o.a.j.t.JMeterThread: Thread finished: Thread Group 1-11
2024-05-26 13:38:27,171 INFO o.a.j.t.JMeterThread: Thread started: Thread Group 1-12
2024-05-26 13:38:27,179 INFO o.a.j.t.JMeterThread: Thread is done: Thread Group 1-12
2024-05-26 13:38:27,179 INFO o.a.j.t.JMeterThread: Thread finished: Thread Group 1-12
2024-05-26 13:38:27,235 INFO o.a.j.t.JMeterThread: Thread started: Thread Group 1-13
2024-05-26 13:38:27,243 INFO o.a.j.t.JMeterThread: Thread is done: Thread Group 1-13
2024-05-26 13:38:27,244 INFO o.a.j.t.JMeterThread: Thread finished: Thread Group 1-13
2024-05-26 13:38:27,303 INFO o.a.j.t.JMeterThread: Thread started: Thread Group 1-14
2024-05-26 13:38:27,311 INFO o.a.j.t.JMeterThread: Thread is done: Thread Group 1-14
2024-05-26 13:38:27,311 INFO o.a.j.t.JMeterThread: Thread finished: Thread Group 1-14
2024-05-26 13:38:27,369 INFO o.a.j.t.JMeterThread: Thread started: Thread Group 1-15
2024-05-26 13:38:27,377 INFO o.a.j.t.JMeterThread: Thread is done: Thread Group 1-15
2024-05-26 13:38:27,377 INFO o.a.j.t.JMeterThread: Thread finished: Thread Group 1-15
2024-05-26 13:38:27,377 INFO o.a.j.e.StandardJMeterEngine: Notifying test listeners of end of test
2024-05-26 13:38:27,377 INFO o.a.j.g.u.JMeterMenuBar: setRunning(false, *local*)
2024-05-26 13:39:14,186 INFO o.a.j.e.StandardJMeterEngine: Running the test!
2024-05-26 13:39:14,186 INFO o.a.j.s.SampleEvent: List of sample_variables: []
2024-05-26 13:39:14,187 INFO o.a.j.g.u.JMeterMenuBar: setRunning(true, *local*)
2024-05-26 13:39:14,212 INFO o.a.j.e.StandardJMeterEngine: Starting ThreadGroup: 1 : Thread Group
2024-05-26 13:39:14,212 INFO o.a.j.e.StandardJMeterEngine: Starting 15 threads for group Thread Group.
2024-05-26 13:39:14,212 INFO o.a.j.e.StandardJMeterEngine: Thread will continue on error
2024-05-26 13:39:14,212 INFO o.a.j.t.ThreadGroup: Starting thread group... number=1 threads=15 ramp-up=1 delayedStart=false
2024-05-26 13:39:14,213 INFO o.a.j.t.JMeterThread: Thread started: Thread Group 1-1
2024-05-26 13:39:14,213 INFO o.a.j.t.ThreadGroup: Started thread group number 1
2024-05-26 13:39:14,213 INFO o.a.j.e.StandardJMeterEngine: All thread groups have been started
2024-05-26 13:39:14,233 INFO o.a.j.t.JMeterThread: Thread is done: Thread Group 1-1
2024-05-26 13:39:14,233 INFO o.a.j.t.JMeterThread: Thread finished: Thread Group 1-1
2024-05-26 13:39:14,280 INFO o.a.j.t.JMeterThread: Thread started: Thread Group 1-2
2024-05-26 13:39:14,294 INFO o.a.j.t.JMeterThread: Thread is done: Thread Group 1-2
2024-05-26 13:39:14,294 INFO o.a.j.t.JMeterThread: Thread finished: Thread Group 1-2
2024-05-26 13:39:14,347 INFO o.a.j.t.JMeterThread: Thread started: Thread Group 1-3
2024-05-26 13:39:14,361 INFO o.a.j.t.JMeterThread: Thread is done: Thread Group 1-3
2024-05-26 13:39:14,361 INFO o.a.j.t.JMeterThread: Thread finished: Thread Group 1-3
2024-05-26 13:39:14,413 INFO o.a.j.t.JMeterThread: Thread started: Thread Group 1-4
2024-05-26 13:39:14,428 INFO o.a.j.t.JMeterThread: Thread is done: Thread Group 1-4
2024-05-26 13:39:14,428 INFO o.a.j.t.JMeterThread: Thread finished: Thread Group 1-4
2024-05-26 13:39:14,481 INFO o.a.j.t.JMeterThread: Thread started: Thread Group 1-5
2024-05-26 13:39:14,497 INFO o.a.j.t.JMeterThread: Thread is done: Thread Group 1-5
2024-05-26 13:39:14,497 INFO o.a.j.t.JMeterThread: Thread finished: Thread Group 1-5
2024-05-26 13:39:14,549 INFO o.a.j.t.JMeterThread: Thread started: Thread Group 1-6
2024-05-26 13:39:14,563 INFO o.a.j.t.JMeterThread: Thread is done: Thread Group 1-6
2024-05-26 13:39:14,563 INFO o.a.j.t.JMeterThread: Thread finished: Thread Group 1-6
2024-05-26 13:39:14,616 INFO o.a.j.t.JMeterThread: Thread started: Thread Group 1-7
2024-05-26 13:39:14,635 INFO o.a.j.t.JMeterThread: Thread is done: Thread Group 1-7
2024-05-26 13:39:14,635 INFO o.a.j.t.JMeterThread: Thread finished: Thread Group 1-7
2024-05-26 13:39:14,684 INFO o.a.j.t.JMeterThread: Thread started: Thread Group 1-8
2024-05-26 13:39:14,699 INFO o.a.j.t.JMeterThread: Thread is done: Thread Group 1-8
2024-05-26 13:39:14,699 INFO o.a.j.t.JMeterThread: Thread finished: Thread Group 1-8
2024-05-26 13:39:14,748 INFO o.a.j.t.JMeterThread: Thread started: Thread Group 1-9
2024-05-26 13:39:14,762 INFO o.a.j.t.JMeterThread: Thread is done: Thread Group 1-9
2024-05-26 13:39:14,763 INFO o.a.j.t.JMeterThread: Thread finished: Thread Group 1-9
2024-05-26 13:39:14,816 INFO o.a.j.t.JMeterThread: Thread started: Thread Group 1-10
2024-05-26 13:39:14,830 INFO o.a.j.t.JMeterThread: Thread is done: Thread Group 1-10
2024-05-26 13:39:14,830 INFO o.a.j.t.JMeterThread: Thread finished: Thread Group 1-10
2024-05-26 13:39:14,883 INFO o.a.j.t.JMeterThread: Thread started: Thread Group 1-11
2024-05-26 13:39:14,898 INFO o.a.j.t.JMeterThread: Thread is done: Thread Group 1-11
2024-05-26 13:39:14,899 INFO o.a.j.t.JMeterThread: Thread finished: Thread Group 1-11
2024-05-26 13:39:14,950 INFO o.a.j.t.JMeterThread: Thread started: Thread Group 1-12
2024-05-26 13:39:14,965 INFO o.a.j.t.JMeterThread: Thread is done: Thread Group 1-12
2024-05-26 13:39:14,966 INFO o.a.j.t.JMeterThread: Thread finished: Thread Group 1-12
2024-05-26 13:39:15,019 INFO o.a.j.t.JMeterThread: Thread started: Thread Group 1-13
2024-05-26 13:39:15,032 INFO o.a.j.t.JMeterThread: Thread is done: Thread Group 1-13
2024-05-26 13:39:15,033 INFO o.a.j.t.JMeterThread: Thread finished: Thread Group 1-13
2024-05-26 13:39:15,086 INFO o.a.j.t.JMeterThread: Thread started: Thread Group 1-14
2024-05-26 13:39:15,108 INFO o.a.j.t.JMeterThread: Thread is done: Thread Group 1-14
2024-05-26 13:39:15,108 INFO o.a.j.t.JMeterThread: Thread finished: Thread Group 1-14
2024-05-26 13:39:15,152 INFO o.a.j.t.JMeterThread: Thread started: Thread Group 1-15
2024-05-26 13:39:15,170 INFO o.a.j.t.JMeterThread: Thread is done: Thread Group 1-15
2024-05-26 13:39:15,170 INFO o.a.j.t.JMeterThread: Thread finished: Thread Group 1-15
2024-05-26 13:39:15,170 INFO o.a.j.e.StandardJMeterEngine: Notifying test listeners of end of test
2024-05-26 13:39:15,171 INFO o.a.j.g.u.JMeterMenuBar: setRunning(false, *local*)
2024-05-26 13:41:40,686 INFO o.a.j.e.StandardJMeterEngine: Running the test!
2024-05-26 13:41:40,687 INFO o.a.j.s.SampleEvent: List of sample_variables: []
2024-05-26 13:41:40,687 INFO o.a.j.g.u.JMeterMenuBar: setRunning(true, *local*)
2024-05-26 13:41:40,716 INFO o.a.j.e.StandardJMeterEngine: Starting ThreadGroup: 1 : Thread Group
2024-05-26 13:41:40,716 INFO o.a.j.e.StandardJMeterEngine: Starting 15 threads for group Thread Group.
2024-05-26 13:41:40,716 INFO o.a.j.e.StandardJMeterEngine: Thread will continue on error
2024-05-26 13:41:40,716 INFO o.a.j.t.ThreadGroup: Starting thread group... number=1 threads=15 ramp-up=1 delayedStart=false
2024-05-26 13:41:40,717 INFO o.a.j.t.JMeterThread: Thread started: Thread Group 1-1
2024-05-26 13:41:40,717 INFO o.a.j.t.ThreadGroup: Started thread group number 1
2024-05-26 13:41:40,718 INFO o.a.j.e.StandardJMeterEngine: All thread groups have been started
2024-05-26 13:41:40,732 INFO o.a.j.t.JMeterThread: Thread is done: Thread Group 1-1
2024-05-26 13:41:40,733 INFO o.a.j.t.JMeterThread: Thread finished: Thread Group 1-1
2024-05-26 13:41:40,784 INFO o.a.j.t.JMeterThread: Thread started: Thread Group 1-2
2024-05-26 13:41:40,797 INFO o.a.j.t.JMeterThread: Thread is done: Thread Group 1-2
2024-05-26 13:41:40,797 INFO o.a.j.t.JMeterThread: Thread finished: Thread Group 1-2
2024-05-26 13:41:40,851 INFO o.a.j.t.JMeterThread: Thread started: Thread Group 1-3
2024-05-26 13:41:40,872 INFO o.a.j.t.JMeterThread: Thread is done: Thread Group 1-3
2024-05-26 13:41:40,872 INFO o.a.j.t.JMeterThread: Thread finished: Thread Group 1-3
2024-05-26 13:41:40,917 INFO o.a.j.t.JMeterThread: Thread started: Thread Group 1-4
2024-05-26 13:41:40,931 INFO o.a.j.t.JMeterThread: Thread is done: Thread Group 1-4
2024-05-26 13:41:40,931 INFO o.a.j.t.JMeterThread: Thread finished: Thread Group 1-4
2024-05-26 13:41:40,985 INFO o.a.j.t.JMeterThread: Thread started: Thread Group 1-5
2024-05-26 13:41:41,005 INFO o.a.j.t.JMeterThread: Thread is done: Thread Group 1-5
2024-05-26 13:41:41,006 INFO o.a.j.t.JMeterThread: Thread finished: Thread Group 1-5
2024-05-26 13:41:41,052 INFO o.a.j.t.JMeterThread: Thread started: Thread Group 1-6
2024-05-26 13:41:41,066 INFO o.a.j.t.JMeterThread: Thread is done: Thread Group 1-6
2024-05-26 13:41:41,066 INFO o.a.j.t.JMeterThread: Thread finished: Thread Group 1-6
2024-05-26 13:41:41,119 INFO o.a.j.t.JMeterThread: Thread started: Thread Group 1-7
2024-05-26 13:41:41,136 INFO o.a.j.t.JMeterThread: Thread is done: Thread Group 1-7
2024-05-26 13:41:41,136 INFO o.a.j.t.JMeterThread: Thread finished: Thread Group 1-7
2024-05-26 13:41:41,187 INFO o.a.j.t.JMeterThread: Thread started: Thread Group 1-8
2024-05-26 13:41:41,209 INFO o.a.j.t.JMeterThread: Thread is done: Thread Group 1-8
2024-05-26 13:41:41,209 INFO o.a.j.t.JMeterThread: Thread finished: Thread Group 1-8
2024-05-26 13:41:41,253 INFO o.a.j.t.JMeterThread: Thread started: Thread Group 1-9
2024-05-26 13:41:41,272 INFO o.a.j.t.JMeterThread: Thread is done: Thread Group 1-9
2024-05-26 13:41:41,272 INFO o.a.j.t.JMeterThread: Thread finished: Thread Group 1-9
2024-05-26 13:41:41,321 INFO o.a.j.t.JMeterThread: Thread started: Thread Group 1-10
2024-05-26 13:41:41,336 INFO o.a.j.t.JMeterThread: Thread is done: Thread Group 1-10
2024-05-26 13:41:41,336 INFO o.a.j.t.JMeterThread: Thread finished: Thread Group 1-10
2024-05-26 13:41:41,387 INFO o.a.j.t.JMeterThread: Thread started: Thread Group 1-11
2024-05-26 13:41:41,402 INFO o.a.j.t.JMeterThread: Thread is done: Thread Group 1-11
2024-05-26 13:41:41,402 INFO o.a.j.t.JMeterThread: Thread finished: Thread Group 1-11
2024-05-26 13:41:41,454 INFO o.a.j.t.JMeterThread: Thread started: Thread Group 1-12
2024-05-26 13:41:41,470 INFO o.a.j.t.JMeterThread: Thread is done: Thread Group 1-12
2024-05-26 13:41:41,470 INFO o.a.j.t.JMeterThread: Thread finished: Thread Group 1-12
2024-05-26 13:41:41,521 INFO o.a.j.t.JMeterThread: Thread started: Thread Group 1-13
2024-05-26 13:41:41,534 INFO o.a.j.t.JMeterThread: Thread is done: Thread Group 1-13
2024-05-26 13:41:41,535 INFO o.a.j.t.JMeterThread: Thread finished: Thread Group 1-13
2024-05-26 13:41:41,589 INFO o.a.j.t.JMeterThread: Thread started: Thread Group 1-14
2024-05-26 13:41:41,604 INFO o.a.j.t.JMeterThread: Thread is done: Thread Group 1-14
2024-05-26 13:41:41,604 INFO o.a.j.t.JMeterThread: Thread finished: Thread Group 1-14
2024-05-26 13:41:41,656 INFO o.a.j.t.JMeterThread: Thread started: Thread Group 1-15
2024-05-26 13:41:41,672 INFO o.a.j.t.JMeterThread: Thread is done: Thread Group 1-15
2024-05-26 13:41:41,672 INFO o.a.j.t.JMeterThread: Thread finished: Thread Group 1-15
2024-05-26 13:41:41,672 INFO o.a.j.e.StandardJMeterEngine: Notifying test listeners of end of test
2024-05-26 13:41:41,672 INFO o.a.j.g.u.JMeterMenuBar: setRunning(false, *local*)
2024-05-26 13:43:02,630 INFO o.a.j.e.StandardJMeterEngine: Running the test!
2024-05-26 13:43:02,630 INFO o.a.j.s.SampleEvent: List of sample_variables: []
2024-05-26 13:43:02,631 INFO o.a.j.g.u.JMeterMenuBar: setRunning(true, *local*)
2024-05-26 13:43:02,655 INFO o.a.j.e.StandardJMeterEngine: Starting ThreadGroup: 1 : Thread Group
2024-05-26 13:43:02,655 INFO o.a.j.e.StandardJMeterEngine: Starting 15 threads for group Thread Group.
2024-05-26 13:43:02,655 INFO o.a.j.e.StandardJMeterEngine: Thread will continue on error
2024-05-26 13:43:02,655 INFO o.a.j.t.ThreadGroup: Starting thread group... number=1 threads=15 ramp-up=1 delayedStart=false
2024-05-26 13:43:02,655 INFO o.a.j.t.JMeterThread: Thread started: Thread Group 1-1
2024-05-26 13:43:02,656 INFO o.a.j.t.ThreadGroup: Started thread group number 1
2024-05-26 13:43:02,656 INFO o.a.j.e.StandardJMeterEngine: All thread groups have been started
2024-05-26 13:43:02,671 INFO o.a.j.t.JMeterThread: Thread is done: Thread Group 1-1
2024-05-26 13:43:02,671 INFO o.a.j.t.JMeterThread: Thread finished: Thread Group 1-1
2024-05-26 13:43:02,723 INFO o.a.j.t.JMeterThread: Thread started: Thread Group 1-2
2024-05-26 13:43:02,740 INFO o.a.j.t.JMeterThread: Thread is done: Thread Group 1-2
2024-05-26 13:43:02,740 INFO o.a.j.t.JMeterThread: Thread finished: Thread Group 1-2
2024-05-26 13:43:02,791 INFO o.a.j.t.JMeterThread: Thread started: Thread Group 1-3
2024-05-26 13:43:02,795 INFO o.a.j.t.JMeterThread: Thread is done: Thread Group 1-3
2024-05-26 13:43:02,796 INFO o.a.j.t.JMeterThread: Thread finished: Thread Group 1-3
2024-05-26 13:43:02,857 INFO o.a.j.t.JMeterThread: Thread started: Thread Group 1-4
2024-05-26 13:43:02,864 INFO o.a.j.t.JMeterThread: Thread is done: Thread Group 1-4
2024-05-26 13:43:02,864 INFO o.a.j.t.JMeterThread: Thread finished: Thread Group 1-4
2024-05-26 13:43:02,925 INFO o.a.j.t.JMeterThread: Thread started: Thread Group 1-5
2024-05-26 13:43:02,941 INFO o.a.j.t.JMeterThread: Thread is done: Thread Group 1-5
2024-05-26 13:43:02,941 INFO o.a.j.t.JMeterThread: Thread finished: Thread Group 1-5
2024-05-26 13:43:02,993 INFO o.a.j.t.JMeterThread: Thread started: Thread Group 1-6
2024-05-26 13:43:03,009 INFO o.a.j.t.JMeterThread: Thread is done: Thread Group 1-6
2024-05-26 13:43:03,009 INFO o.a.j.t.JMeterThread: Thread finished: Thread Group 1-6
2024-05-26 13:43:03,058 INFO o.a.j.t.JMeterThread: Thread started: Thread Group 1-7
2024-05-26 13:43:03,063 INFO o.a.j.t.JMeterThread: Thread is done: Thread Group 1-7
2024-05-26 13:43:03,063 INFO o.a.j.t.JMeterThread: Thread finished: Thread Group 1-7
2024-05-26 13:43:03,125 INFO o.a.j.t.JMeterThread: Thread started: Thread Group 1-8
2024-05-26 13:43:03,129 INFO o.a.j.t.JMeterThread: Thread is done: Thread Group 1-8
2024-05-26 13:43:03,129 INFO o.a.j.t.JMeterThread: Thread finished: Thread Group 1-8
2024-05-26 13:43:03,192 INFO o.a.j.t.JMeterThread: Thread started: Thread Group 1-9
2024-05-26 13:43:03,196 INFO o.a.j.t.JMeterThread: Thread is done: Thread Group 1-9
2024-05-26 13:43:03,197 INFO o.a.j.t.JMeterThread: Thread finished: Thread Group 1-9
2024-05-26 13:43:03,262 INFO o.a.j.t.JMeterThread: Thread started: Thread Group 1-10
2024-05-26 13:43:03,266 INFO o.a.j.t.JMeterThread: Thread is done: Thread Group 1-10
2024-05-26 13:43:03,266 INFO o.a.j.t.JMeterThread: Thread finished: Thread Group 1-10
2024-05-26 13:43:03,327 INFO o.a.j.t.JMeterThread: Thread started: Thread Group 1-11
2024-05-26 13:43:03,332 INFO o.a.j.t.JMeterThread: Thread is done: Thread Group 1-11
2024-05-26 13:43:03,332 INFO o.a.j.t.JMeterThread: Thread finished: Thread Group 1-11
2024-05-26 13:43:03,394 INFO o.a.j.t.JMeterThread: Thread started: Thread Group 1-12
2024-05-26 13:43:03,399 INFO o.a.j.t.JMeterThread: Thread is done: Thread Group 1-12
2024-05-26 13:43:03,399 INFO o.a.j.t.JMeterThread: Thread finished: Thread Group 1-12
2024-05-26 13:43:03,461 INFO o.a.j.t.JMeterThread: Thread started: Thread Group 1-13
2024-05-26 13:43:03,471 INFO o.a.j.t.JMeterThread: Thread is done: Thread Group 1-13
2024-05-26 13:43:03,472 INFO o.a.j.t.JMeterThread: Thread finished: Thread Group 1-13
2024-05-26 13:43:03,528 INFO o.a.j.t.JMeterThread: Thread started: Thread Group 1-14
2024-05-26 13:43:03,531 INFO o.a.j.t.JMeterThread: Thread is done: Thread Group 1-14
2024-05-26 13:43:03,531 INFO o.a.j.t.JMeterThread: Thread finished: Thread Group 1-14
2024-05-26 13:43:03,594 INFO o.a.j.t.JMeterThread: Thread started: Thread Group 1-15
2024-05-26 13:43:03,599 INFO o.a.j.t.JMeterThread: Thread is done: Thread Group 1-15
2024-05-26 13:43:03,599 INFO o.a.j.t.JMeterThread: Thread finished: Thread Group 1-15
2024-05-26 13:43:03,599 INFO o.a.j.e.StandardJMeterEngine: Notifying test listeners of end of test
2024-05-26 13:43:03,599 INFO o.a.j.g.u.JMeterMenuBar: setRunning(false, *local*)
